CRITICAL - 2021-11-01 05:28:35 --> Invalid file: template/header.php
#0 C:\wamp64n\www\uframe\system\View\View.php(228): CodeIgniter\Exceptions\FrameworkException::forInvalidFile('template/header...')
#1 C:\wamp64n\www\uframe\system\Common.php(1119): CodeIgniter\View\View->render('template/header', Array, true)
#2 C:\wamp64n\www\uframe\app\Controllers\Pages.php(12): view('template/header')
#3 C:\wamp64n\www\uframe\system\CodeIgniter.php(918): App\Controllers\Pages->showme('aboutus')
#4 C:\wamp64n\www\uframe\system\CodeIgniter.php(404): CodeIgniter\CodeIgniter->runController(Object(App\Controllers\Pages))
#5 C:\wamp64n\www\uframe\system\CodeIgniter.php(312): CodeIgniter\CodeIgniter->handleRequest(NULL, Object(Config\Cache), false)
#6 C:\wamp64n\www\uframe\public\index.php(45): CodeIgniter\CodeIgniter->run()
#7 {main}
CRITICAL - 2021-11-01 05:49:59 --> Invalid file: template/header.php
#0 C:\wamp64n\www\uframe\system\View\View.php(228): CodeIgniter\Exceptions\FrameworkException::forInvalidFile('template/header...')
#1 C:\wamp64n\www\uframe\system\Common.php(1119): CodeIgniter\View\View->render('template/header', Array, true)
#2 C:\wamp64n\www\uframe\app\Controllers\Pages.php(12): view('template/header')
#3 C:\wamp64n\www\uframe\system\CodeIgniter.php(918): App\Controllers\Pages->showme('aboutus')
#4 C:\wamp64n\www\uframe\system\CodeIgniter.php(404): CodeIgniter\CodeIgniter->runController(Object(App\Controllers\Pages))
#5 C:\wamp64n\www\uframe\system\CodeIgniter.php(312): CodeIgniter\CodeIgniter->handleRequest(NULL, Object(Config\Cache), false)
#6 C:\wamp64n\www\uframe\public\index.php(45): CodeIgniter\CodeIgniter->run()
#7 {main}
CRITICAL - 2021-11-01 05:58:39 --> Invalid file: pages/aboutus.php
#0 C:\wamp64n\www\uframe\system\View\View.php(228): CodeIgniter\Exceptions\FrameworkException::forInvalidFile('pages/aboutus.p...')
#1 C:\wamp64n\www\uframe\system\Common.php(1119): CodeIgniter\View\View->render('pages/aboutus', Array, true)
#2 C:\wamp64n\www\uframe\app\Controllers\Pages.php(13): view('pages/aboutus')
#3 C:\wamp64n\www\uframe\system\CodeIgniter.php(918): App\Controllers\Pages->showme('aboutus')
#4 C:\wamp64n\www\uframe\system\CodeIgniter.php(404): CodeIgniter\CodeIgniter->runController(Object(App\Controllers\Pages))
#5 C:\wamp64n\www\uframe\system\CodeIgniter.php(312): CodeIgniter\CodeIgniter->handleRequest(NULL, Object(Config\Cache), false)
#6 C:\wamp64n\www\uframe\public\index.php(45): CodeIgniter\CodeIgniter->run()
#7 {main}
CRITICAL - 2021-11-01 05:59:17 --> Invalid file: pages/aboutus.php
#0 C:\wamp64n\www\uframe\system\View\View.php(228): CodeIgniter\Exceptions\FrameworkException::forInvalidFile('pages/aboutus.p...')
#1 C:\wamp64n\www\uframe\system\Common.php(1119): CodeIgniter\View\View->render('pages/aboutus', Array, true)
#2 C:\wamp64n\www\uframe\app\Controllers\Pages.php(13): view('pages/aboutus')
#3 C:\wamp64n\www\uframe\system\CodeIgniter.php(918): App\Controllers\Pages->showme('aboutus')
#4 C:\wamp64n\www\uframe\system\CodeIgniter.php(404): CodeIgniter\CodeIgniter->runController(Object(App\Controllers\Pages))
#5 C:\wamp64n\www\uframe\system\CodeIgniter.php(312): CodeIgniter\CodeIgniter->handleRequest(NULL, Object(Config\Cache), false)
#6 C:\wamp64n\www\uframe\public\index.php(45): CodeIgniter\CodeIgniter->run()
#7 {main}
CRITICAL - 2021-11-01 06:08:32 --> syntax error, unexpected 'if' (T_IF), expecting function (T_FUNCTION) or const (T_CONST)
#0 C:\wamp64n\www\uframe\system\Router\Router.php(195): CodeIgniter\Router\Router->autoRoute('pages/showme/co...')
#1 C:\wamp64n\www\uframe\system\CodeIgniter.php(793): CodeIgniter\Router\Router->handle('pages/showme/co...')
#2 C:\wamp64n\www\uframe\system\CodeIgniter.php(364): CodeIgniter\CodeIgniter->tryToRouteIt(Object(CodeIgniter\Router\RouteCollection))
#3 C:\wamp64n\www\uframe\system\CodeIgniter.php(312): CodeIgniter\CodeIgniter->handleRequest(NULL, Object(Config\Cache), false)
#4 C:\wamp64n\www\uframe\public\index.php(45): CodeIgniter\CodeIgniter->run()
#5 {main}
CRITICAL - 2021-11-01 09:07:59 --> Class 'App\Models\Model' not found
#0 C:\wamp64n\www\uframe\system\Autoloader\Autoloader.php(365): require_once()
#1 C:\wamp64n\www\uframe\system\Autoloader\Autoloader.php(296): CodeIgniter\Autoloader\Autoloader->requireFile('C:\\wamp64n\\www\\...')
#2 C:\wamp64n\www\uframe\system\Autoloader\Autoloader.php(258): CodeIgniter\Autoloader\Autoloader->loadInNamespace('App\\Models\\Blog...')
#3 [internal function]: CodeIgniter\Autoloader\Autoloader->loadClass('App\\Models\\Blog...')
#4 C:\wamp64n\www\uframe\app\Controllers\Pages.php(8): spl_autoload_call('App\\Models\\Blog...')
#5 C:\wamp64n\www\uframe\system\CodeIgniter.php(918): App\Controllers\Pages->index()
#6 C:\wamp64n\www\uframe\system\CodeIgniter.php(404): CodeIgniter\CodeIgniter->runController(Object(App\Controllers\Pages))
#7 C:\wamp64n\www\uframe\system\CodeIgniter.php(312): CodeIgniter\CodeIgniter->handleRequest(NULL, Object(Config\Cache), false)
#8 C:\wamp64n\www\uframe\public\index.php(45): CodeIgniter\CodeIgniter->run()
#9 {main}
CRITICAL - 2021-11-01 09:10:56 --> Class 'App\Models\Model' not found
#0 C:\wamp64n\www\uframe\system\Autoloader\Autoloader.php(365): require_once()
#1 C:\wamp64n\www\uframe\system\Autoloader\Autoloader.php(296): CodeIgniter\Autoloader\Autoloader->requireFile('C:\\wamp64n\\www\\...')
#2 C:\wamp64n\www\uframe\system\Autoloader\Autoloader.php(258): CodeIgniter\Autoloader\Autoloader->loadInNamespace('App\\Models\\Blog...')
#3 [internal function]: CodeIgniter\Autoloader\Autoloader->loadClass('App\\Models\\Blog...')
#4 C:\wamp64n\www\uframe\app\Controllers\Pages.php(8): spl_autoload_call('App\\Models\\Blog...')
#5 C:\wamp64n\www\uframe\system\CodeIgniter.php(918): App\Controllers\Pages->index()
#6 C:\wamp64n\www\uframe\system\CodeIgniter.php(404): CodeIgniter\CodeIgniter->runController(Object(App\Controllers\Pages))
#7 C:\wamp64n\www\uframe\system\CodeIgniter.php(312): CodeIgniter\CodeIgniter->handleRequest(NULL, Object(Config\Cache), false)
#8 C:\wamp64n\www\uframe\public\index.php(45): CodeIgniter\CodeIgniter->run()
#9 {main}
CRITICAL - 2021-11-01 09:10:57 --> Class 'App\Models\Model' not found
#0 C:\wamp64n\www\uframe\system\Autoloader\Autoloader.php(365): require_once()
#1 C:\wamp64n\www\uframe\system\Autoloader\Autoloader.php(296): CodeIgniter\Autoloader\Autoloader->requireFile('C:\\wamp64n\\www\\...')
#2 C:\wamp64n\www\uframe\system\Autoloader\Autoloader.php(258): CodeIgniter\Autoloader\Autoloader->loadInNamespace('App\\Models\\Blog...')
#3 [internal function]: CodeIgniter\Autoloader\Autoloader->loadClass('App\\Models\\Blog...')
#4 C:\wamp64n\www\uframe\app\Controllers\Pages.php(8): spl_autoload_call('App\\Models\\Blog...')
#5 C:\wamp64n\www\uframe\system\CodeIgniter.php(918): App\Controllers\Pages->index()
#6 C:\wamp64n\www\uframe\system\CodeIgniter.php(404): CodeIgniter\CodeIgniter->runController(Object(App\Controllers\Pages))
#7 C:\wamp64n\www\uframe\system\CodeIgniter.php(312): CodeIgniter\CodeIgniter->handleRequest(NULL, Object(Config\Cache), false)
#8 C:\wamp64n\www\uframe\public\index.php(45): CodeIgniter\CodeIgniter->run()
#9 {main}
CRITICAL - 2021-11-01 09:10:59 --> Class 'App\Models\Model' not found
#0 C:\wamp64n\www\uframe\system\Autoloader\Autoloader.php(365): require_once()
#1 C:\wamp64n\www\uframe\system\Autoloader\Autoloader.php(296): CodeIgniter\Autoloader\Autoloader->requireFile('C:\\wamp64n\\www\\...')
#2 C:\wamp64n\www\uframe\system\Autoloader\Autoloader.php(258): CodeIgniter\Autoloader\Autoloader->loadInNamespace('App\\Models\\Blog...')
#3 [internal function]: CodeIgniter\Autoloader\Autoloader->loadClass('App\\Models\\Blog...')
#4 C:\wamp64n\www\uframe\app\Controllers\Pages.php(8): spl_autoload_call('App\\Models\\Blog...')
#5 C:\wamp64n\www\uframe\system\CodeIgniter.php(918): App\Controllers\Pages->index()
#6 C:\wamp64n\www\uframe\system\CodeIgniter.php(404): CodeIgniter\CodeIgniter->runController(Object(App\Controllers\Pages))
#7 C:\wamp64n\www\uframe\system\CodeIgniter.php(312): CodeIgniter\CodeIgniter->handleRequest(NULL, Object(Config\Cache), false)
#8 C:\wamp64n\www\uframe\public\index.php(45): CodeIgniter\CodeIgniter->run()
#9 {main}
CRITICAL - 2021-11-01 09:11:17 --> Class 'CodeIgniter\Models' not found
#0 C:\wamp64n\www\uframe\system\Autoloader\Autoloader.php(365): require_once()
#1 C:\wamp64n\www\uframe\system\Autoloader\Autoloader.php(296): CodeIgniter\Autoloader\Autoloader->requireFile('C:\\wamp64n\\www\\...')
#2 C:\wamp64n\www\uframe\system\Autoloader\Autoloader.php(258): CodeIgniter\Autoloader\Autoloader->loadInNamespace('App\\Models\\Blog...')
#3 [internal function]: CodeIgniter\Autoloader\Autoloader->loadClass('App\\Models\\Blog...')
#4 C:\wamp64n\www\uframe\app\Controllers\Pages.php(8): spl_autoload_call('App\\Models\\Blog...')
#5 C:\wamp64n\www\uframe\system\CodeIgniter.php(918): App\Controllers\Pages->index()
#6 C:\wamp64n\www\uframe\system\CodeIgniter.php(404): CodeIgniter\CodeIgniter->runController(Object(App\Controllers\Pages))
#7 C:\wamp64n\www\uframe\system\CodeIgniter.php(312): CodeIgniter\CodeIgniter->handleRequest(NULL, Object(Config\Cache), false)
#8 C:\wamp64n\www\uframe\public\index.php(45): CodeIgniter\CodeIgniter->run()
#9 {main}
CRITICAL - 2021-11-01 09:11:18 --> Class 'CodeIgniter\Models' not found
#0 C:\wamp64n\www\uframe\system\Autoloader\Autoloader.php(365): require_once()
#1 C:\wamp64n\www\uframe\system\Autoloader\Autoloader.php(296): CodeIgniter\Autoloader\Autoloader->requireFile('C:\\wamp64n\\www\\...')
#2 C:\wamp64n\www\uframe\system\Autoloader\Autoloader.php(258): CodeIgniter\Autoloader\Autoloader->loadInNamespace('App\\Models\\Blog...')
#3 [internal function]: CodeIgniter\Autoloader\Autoloader->loadClass('App\\Models\\Blog...')
#4 C:\wamp64n\www\uframe\app\Controllers\Pages.php(8): spl_autoload_call('App\\Models\\Blog...')
#5 C:\wamp64n\www\uframe\system\CodeIgniter.php(918): App\Controllers\Pages->index()
#6 C:\wamp64n\www\uframe\system\CodeIgniter.php(404): CodeIgniter\CodeIgniter->runController(Object(App\Controllers\Pages))
#7 C:\wamp64n\www\uframe\system\CodeIgniter.php(312): CodeIgniter\CodeIgniter->handleRequest(NULL, Object(Config\Cache), false)
#8 C:\wamp64n\www\uframe\public\index.php(45): CodeIgniter\CodeIgniter->run()
#9 {main}
CRITICAL - 2021-11-01 09:11:19 --> Class 'CodeIgniter\Models' not found
#0 C:\wamp64n\www\uframe\system\Autoloader\Autoloader.php(365): require_once()
#1 C:\wamp64n\www\uframe\system\Autoloader\Autoloader.php(296): CodeIgniter\Autoloader\Autoloader->requireFile('C:\\wamp64n\\www\\...')
#2 C:\wamp64n\www\uframe\system\Autoloader\Autoloader.php(258): CodeIgniter\Autoloader\Autoloader->loadInNamespace('App\\Models\\Blog...')
#3 [internal function]: CodeIgniter\Autoloader\Autoloader->loadClass('App\\Models\\Blog...')
#4 C:\wamp64n\www\uframe\app\Controllers\Pages.php(8): spl_autoload_call('App\\Models\\Blog...')
#5 C:\wamp64n\www\uframe\system\CodeIgniter.php(918): App\Controllers\Pages->index()
#6 C:\wamp64n\www\uframe\system\CodeIgniter.php(404): CodeIgniter\CodeIgniter->runController(Object(App\Controllers\Pages))
#7 C:\wamp64n\www\uframe\system\CodeIgniter.php(312): CodeIgniter\CodeIgniter->handleRequest(NULL, Object(Config\Cache), false)
#8 C:\wamp64n\www\uframe\public\index.php(45): CodeIgniter\CodeIgniter->run()
#9 {main}
CRITICAL - 2021-11-01 09:11:27 --> Class 'App\Models\Model' not found
#0 C:\wamp64n\www\uframe\system\Autoloader\Autoloader.php(365): require_once()
#1 C:\wamp64n\www\uframe\system\Autoloader\Autoloader.php(296): CodeIgniter\Autoloader\Autoloader->requireFile('C:\\wamp64n\\www\\...')
#2 C:\wamp64n\www\uframe\system\Autoloader\Autoloader.php(258): CodeIgniter\Autoloader\Autoloader->loadInNamespace('App\\Models\\Blog...')
#3 [internal function]: CodeIgniter\Autoloader\Autoloader->loadClass('App\\Models\\Blog...')
#4 C:\wamp64n\www\uframe\app\Controllers\Pages.php(8): spl_autoload_call('App\\Models\\Blog...')
#5 C:\wamp64n\www\uframe\system\CodeIgniter.php(918): App\Controllers\Pages->index()
#6 C:\wamp64n\www\uframe\system\CodeIgniter.php(404): CodeIgniter\CodeIgniter->runController(Object(App\Controllers\Pages))
#7 C:\wamp64n\www\uframe\system\CodeIgniter.php(312): CodeIgniter\CodeIgniter->handleRequest(NULL, Object(Config\Cache), false)
#8 C:\wamp64n\www\uframe\public\index.php(45): CodeIgniter\CodeIgniter->run()
#9 {main}
CRITICAL - 2021-11-01 09:13:26 --> Class 'App\Models\Model' not found
#0 C:\wamp64n\www\uframe\system\Autoloader\Autoloader.php(365): require_once()
#1 C:\wamp64n\www\uframe\system\Autoloader\Autoloader.php(296): CodeIgniter\Autoloader\Autoloader->requireFile('C:\\wamp64n\\www\\...')
#2 C:\wamp64n\www\uframe\system\Autoloader\Autoloader.php(258): CodeIgniter\Autoloader\Autoloader->loadInNamespace('App\\Models\\Blog...')
#3 [internal function]: CodeIgniter\Autoloader\Autoloader->loadClass('App\\Models\\Blog...')
#4 C:\wamp64n\www\uframe\app\Controllers\Pages.php(8): spl_autoload_call('App\\Models\\Blog...')
#5 C:\wamp64n\www\uframe\system\CodeIgniter.php(918): App\Controllers\Pages->index()
#6 C:\wamp64n\www\uframe\system\CodeIgniter.php(404): CodeIgniter\CodeIgniter->runController(Object(App\Controllers\Pages))
#7 C:\wamp64n\www\uframe\system\CodeIgniter.php(312): CodeIgniter\CodeIgniter->handleRequest(NULL, Object(Config\Cache), false)
#8 C:\wamp64n\www\uframe\public\index.php(45): CodeIgniter\CodeIgniter->run()
#9 {main}
CRITICAL - 2021-11-01 09:13:27 --> Class 'App\Models\Model' not found
#0 C:\wamp64n\www\uframe\system\Autoloader\Autoloader.php(365): require_once()
#1 C:\wamp64n\www\uframe\system\Autoloader\Autoloader.php(296): CodeIgniter\Autoloader\Autoloader->requireFile('C:\\wamp64n\\www\\...')
#2 C:\wamp64n\www\uframe\system\Autoloader\Autoloader.php(258): CodeIgniter\Autoloader\Autoloader->loadInNamespace('App\\Models\\Blog...')
#3 [internal function]: CodeIgniter\Autoloader\Autoloader->loadClass('App\\Models\\Blog...')
#4 C:\wamp64n\www\uframe\app\Controllers\Pages.php(8): spl_autoload_call('App\\Models\\Blog...')
#5 C:\wamp64n\www\uframe\system\CodeIgniter.php(918): App\Controllers\Pages->index()
#6 C:\wamp64n\www\uframe\system\CodeIgniter.php(404): CodeIgniter\CodeIgniter->runController(Object(App\Controllers\Pages))
#7 C:\wamp64n\www\uframe\system\CodeIgniter.php(312): CodeIgniter\CodeIgniter->handleRequest(NULL, Object(Config\Cache), false)
#8 C:\wamp64n\www\uframe\public\index.php(45): CodeIgniter\CodeIgniter->run()
#9 {main}
CRITICAL - 2021-11-01 09:13:28 --> Class 'App\Models\Model' not found
#0 C:\wamp64n\www\uframe\system\Autoloader\Autoloader.php(365): require_once()
#1 C:\wamp64n\www\uframe\system\Autoloader\Autoloader.php(296): CodeIgniter\Autoloader\Autoloader->requireFile('C:\\wamp64n\\www\\...')
#2 C:\wamp64n\www\uframe\system\Autoloader\Autoloader.php(258): CodeIgniter\Autoloader\Autoloader->loadInNamespace('App\\Models\\Blog...')
#3 [internal function]: CodeIgniter\Autoloader\Autoloader->loadClass('App\\Models\\Blog...')
#4 C:\wamp64n\www\uframe\app\Controllers\Pages.php(8): spl_autoload_call('App\\Models\\Blog...')
#5 C:\wamp64n\www\uframe\system\CodeIgniter.php(918): App\Controllers\Pages->index()
#6 C:\wamp64n\www\uframe\system\CodeIgniter.php(404): CodeIgniter\CodeIgniter->runController(Object(App\Controllers\Pages))
#7 C:\wamp64n\www\uframe\system\CodeIgniter.php(312): CodeIgniter\CodeIgniter->handleRequest(NULL, Object(Config\Cache), false)
#8 C:\wamp64n\www\uframe\public\index.php(45): CodeIgniter\CodeIgniter->run()
#9 {main}
CRITICAL - 2021-11-01 09:13:28 --> Class 'App\Models\Model' not found
#0 C:\wamp64n\www\uframe\system\Autoloader\Autoloader.php(365): require_once()
#1 C:\wamp64n\www\uframe\system\Autoloader\Autoloader.php(296): CodeIgniter\Autoloader\Autoloader->requireFile('C:\\wamp64n\\www\\...')
#2 C:\wamp64n\www\uframe\system\Autoloader\Autoloader.php(258): CodeIgniter\Autoloader\Autoloader->loadInNamespace('App\\Models\\Blog...')
#3 [internal function]: CodeIgniter\Autoloader\Autoloader->loadClass('App\\Models\\Blog...')
#4 C:\wamp64n\www\uframe\app\Controllers\Pages.php(8): spl_autoload_call('App\\Models\\Blog...')
#5 C:\wamp64n\www\uframe\system\CodeIgniter.php(918): App\Controllers\Pages->index()
#6 C:\wamp64n\www\uframe\system\CodeIgniter.php(404): CodeIgniter\CodeIgniter->runController(Object(App\Controllers\Pages))
#7 C:\wamp64n\www\uframe\system\CodeIgniter.php(312): CodeIgniter\CodeIgniter->handleRequest(NULL, Object(Config\Cache), false)
#8 C:\wamp64n\www\uframe\public\index.php(45): CodeIgniter\CodeIgniter->run()
#9 {main}
CRITICAL - 2021-11-01 09:13:29 --> Class 'App\Models\Model' not found
#0 C:\wamp64n\www\uframe\system\Autoloader\Autoloader.php(365): require_once()
#1 C:\wamp64n\www\uframe\system\Autoloader\Autoloader.php(296): CodeIgniter\Autoloader\Autoloader->requireFile('C:\\wamp64n\\www\\...')
#2 C:\wamp64n\www\uframe\system\Autoloader\Autoloader.php(258): CodeIgniter\Autoloader\Autoloader->loadInNamespace('App\\Models\\Blog...')
#3 [internal function]: CodeIgniter\Autoloader\Autoloader->loadClass('App\\Models\\Blog...')
#4 C:\wamp64n\www\uframe\app\Controllers\Pages.php(8): spl_autoload_call('App\\Models\\Blog...')
#5 C:\wamp64n\www\uframe\system\CodeIgniter.php(918): App\Controllers\Pages->index()
#6 C:\wamp64n\www\uframe\system\CodeIgniter.php(404): CodeIgniter\CodeIgniter->runController(Object(App\Controllers\Pages))
#7 C:\wamp64n\www\uframe\system\CodeIgniter.php(312): CodeIgniter\CodeIgniter->handleRequest(NULL, Object(Config\Cache), false)
#8 C:\wamp64n\www\uframe\public\index.php(45): CodeIgniter\CodeIgniter->run()
#9 {main}
CRITICAL - 2021-11-01 09:13:29 --> Class 'App\Models\Model' not found
#0 C:\wamp64n\www\uframe\system\Autoloader\Autoloader.php(365): require_once()
#1 C:\wamp64n\www\uframe\system\Autoloader\Autoloader.php(296): CodeIgniter\Autoloader\Autoloader->requireFile('C:\\wamp64n\\www\\...')
#2 C:\wamp64n\www\uframe\system\Autoloader\Autoloader.php(258): CodeIgniter\Autoloader\Autoloader->loadInNamespace('App\\Models\\Blog...')
#3 [internal function]: CodeIgniter\Autoloader\Autoloader->loadClass('App\\Models\\Blog...')
#4 C:\wamp64n\www\uframe\app\Controllers\Pages.php(8): spl_autoload_call('App\\Models\\Blog...')
#5 C:\wamp64n\www\uframe\system\CodeIgniter.php(918): App\Controllers\Pages->index()
#6 C:\wamp64n\www\uframe\system\CodeIgniter.php(404): CodeIgniter\CodeIgniter->runController(Object(App\Controllers\Pages))
#7 C:\wamp64n\www\uframe\system\CodeIgniter.php(312): CodeIgniter\CodeIgniter->handleRequest(NULL, Object(Config\Cache), false)
#8 C:\wamp64n\www\uframe\public\index.php(45): CodeIgniter\CodeIgniter->run()
#9 {main}
CRITICAL - 2021-11-01 09:14:41 --> Class 'App\Models\Model' not found
#0 C:\wamp64n\www\uframe\system\Autoloader\Autoloader.php(365): require_once()
#1 C:\wamp64n\www\uframe\system\Autoloader\Autoloader.php(296): CodeIgniter\Autoloader\Autoloader->requireFile('C:\\wamp64n\\www\\...')
#2 C:\wamp64n\www\uframe\system\Autoloader\Autoloader.php(258): CodeIgniter\Autoloader\Autoloader->loadInNamespace('App\\Models\\Blog...')
#3 [internal function]: CodeIgniter\Autoloader\Autoloader->loadClass('App\\Models\\Blog...')
#4 C:\wamp64n\www\uframe\app\Controllers\Pages.php(8): spl_autoload_call('App\\Models\\Blog...')
#5 C:\wamp64n\www\uframe\system\CodeIgniter.php(918): App\Controllers\Pages->index()
#6 C:\wamp64n\www\uframe\system\CodeIgniter.php(404): CodeIgniter\CodeIgniter->runController(Object(App\Controllers\Pages))
#7 C:\wamp64n\www\uframe\system\CodeIgniter.php(312): CodeIgniter\CodeIgniter->handleRequest(NULL, Object(Config\Cache), false)
#8 C:\wamp64n\www\uframe\public\index.php(45): CodeIgniter\CodeIgniter->run()
#9 {main}
CRITICAL - 2021-11-01 09:14:42 --> Class 'App\Models\Model' not found
#0 C:\wamp64n\www\uframe\system\Autoloader\Autoloader.php(365): require_once()
#1 C:\wamp64n\www\uframe\system\Autoloader\Autoloader.php(296): CodeIgniter\Autoloader\Autoloader->requireFile('C:\\wamp64n\\www\\...')
#2 C:\wamp64n\www\uframe\system\Autoloader\Autoloader.php(258): CodeIgniter\Autoloader\Autoloader->loadInNamespace('App\\Models\\Blog...')
#3 [internal function]: CodeIgniter\Autoloader\Autoloader->loadClass('App\\Models\\Blog...')
#4 C:\wamp64n\www\uframe\app\Controllers\Pages.php(8): spl_autoload_call('App\\Models\\Blog...')
#5 C:\wamp64n\www\uframe\system\CodeIgniter.php(918): App\Controllers\Pages->index()
#6 C:\wamp64n\www\uframe\system\CodeIgniter.php(404): CodeIgniter\CodeIgniter->runController(Object(App\Controllers\Pages))
#7 C:\wamp64n\www\uframe\system\CodeIgniter.php(312): CodeIgniter\CodeIgniter->handleRequest(NULL, Object(Config\Cache), false)
#8 C:\wamp64n\www\uframe\public\index.php(45): CodeIgniter\CodeIgniter->run()
#9 {main}
CRITICAL - 2021-11-01 09:14:56 --> Class 'CodeIgniter\Models' not found
#0 C:\wamp64n\www\uframe\system\Autoloader\Autoloader.php(365): require_once()
#1 C:\wamp64n\www\uframe\system\Autoloader\Autoloader.php(296): CodeIgniter\Autoloader\Autoloader->requireFile('C:\\wamp64n\\www\\...')
#2 C:\wamp64n\www\uframe\system\Autoloader\Autoloader.php(258): CodeIgniter\Autoloader\Autoloader->loadInNamespace('App\\Models\\Blog...')
#3 [internal function]: CodeIgniter\Autoloader\Autoloader->loadClass('App\\Models\\Blog...')
#4 C:\wamp64n\www\uframe\app\Controllers\Pages.php(8): spl_autoload_call('App\\Models\\Blog...')
#5 C:\wamp64n\www\uframe\system\CodeIgniter.php(918): App\Controllers\Pages->index()
#6 C:\wamp64n\www\uframe\system\CodeIgniter.php(404): CodeIgniter\CodeIgniter->runController(Object(App\Controllers\Pages))
#7 C:\wamp64n\www\uframe\system\CodeIgniter.php(312): CodeIgniter\CodeIgniter->handleRequest(NULL, Object(Config\Cache), false)
#8 C:\wamp64n\www\uframe\public\index.php(45): CodeIgniter\CodeIgniter->run()
#9 {main}
CRITICAL - 2021-11-01 09:14:57 --> Class 'CodeIgniter\Models' not found
#0 C:\wamp64n\www\uframe\system\Autoloader\Autoloader.php(365): require_once()
#1 C:\wamp64n\www\uframe\system\Autoloader\Autoloader.php(296): CodeIgniter\Autoloader\Autoloader->requireFile('C:\\wamp64n\\www\\...')
#2 C:\wamp64n\www\uframe\system\Autoloader\Autoloader.php(258): CodeIgniter\Autoloader\Autoloader->loadInNamespace('App\\Models\\Blog...')
#3 [internal function]: CodeIgniter\Autoloader\Autoloader->loadClass('App\\Models\\Blog...')
#4 C:\wamp64n\www\uframe\app\Controllers\Pages.php(8): spl_autoload_call('App\\Models\\Blog...')
#5 C:\wamp64n\www\uframe\system\CodeIgniter.php(918): App\Controllers\Pages->index()
#6 C:\wamp64n\www\uframe\system\CodeIgniter.php(404): CodeIgniter\CodeIgniter->runController(Object(App\Controllers\Pages))
#7 C:\wamp64n\www\uframe\system\CodeIgniter.php(312): CodeIgniter\CodeIgniter->handleRequest(NULL, Object(Config\Cache), false)
#8 C:\wamp64n\www\uframe\public\index.php(45): CodeIgniter\CodeIgniter->run()
#9 {main}
CRITICAL - 2021-11-01 09:14:58 --> Class 'CodeIgniter\Models' not found
#0 C:\wamp64n\www\uframe\system\Autoloader\Autoloader.php(365): require_once()
#1 C:\wamp64n\www\uframe\system\Autoloader\Autoloader.php(296): CodeIgniter\Autoloader\Autoloader->requireFile('C:\\wamp64n\\www\\...')
#2 C:\wamp64n\www\uframe\system\Autoloader\Autoloader.php(258): CodeIgniter\Autoloader\Autoloader->loadInNamespace('App\\Models\\Blog...')
#3 [internal function]: CodeIgniter\Autoloader\Autoloader->loadClass('App\\Models\\Blog...')
#4 C:\wamp64n\www\uframe\app\Controllers\Pages.php(8): spl_autoload_call('App\\Models\\Blog...')
#5 C:\wamp64n\www\uframe\system\CodeIgniter.php(918): App\Controllers\Pages->index()
#6 C:\wamp64n\www\uframe\system\CodeIgniter.php(404): CodeIgniter\CodeIgniter->runController(Object(App\Controllers\Pages))
#7 C:\wamp64n\www\uframe\system\CodeIgniter.php(312): CodeIgniter\CodeIgniter->handleRequest(NULL, Object(Config\Cache), false)
#8 C:\wamp64n\www\uframe\public\index.php(45): CodeIgniter\CodeIgniter->run()
#9 {main}
CRITICAL - 2021-11-01 09:14:58 --> Class 'CodeIgniter\Models' not found
#0 C:\wamp64n\www\uframe\system\Autoloader\Autoloader.php(365): require_once()
#1 C:\wamp64n\www\uframe\system\Autoloader\Autoloader.php(296): CodeIgniter\Autoloader\Autoloader->requireFile('C:\\wamp64n\\www\\...')
#2 C:\wamp64n\www\uframe\system\Autoloader\Autoloader.php(258): CodeIgniter\Autoloader\Autoloader->loadInNamespace('App\\Models\\Blog...')
#3 [internal function]: CodeIgniter\Autoloader\Autoloader->loadClass('App\\Models\\Blog...')
#4 C:\wamp64n\www\uframe\app\Controllers\Pages.php(8): spl_autoload_call('App\\Models\\Blog...')
#5 C:\wamp64n\www\uframe\system\CodeIgniter.php(918): App\Controllers\Pages->index()
#6 C:\wamp64n\www\uframe\system\CodeIgniter.php(404): CodeIgniter\CodeIgniter->runController(Object(App\Controllers\Pages))
#7 C:\wamp64n\www\uframe\system\CodeIgniter.php(312): CodeIgniter\CodeIgniter->handleRequest(NULL, Object(Config\Cache), false)
#8 C:\wamp64n\www\uframe\public\index.php(45): CodeIgniter\CodeIgniter->run()
#9 {main}
CRITICAL - 2021-11-01 09:14:58 --> Class 'CodeIgniter\Models' not found
#0 C:\wamp64n\www\uframe\system\Autoloader\Autoloader.php(365): require_once()
#1 C:\wamp64n\www\uframe\system\Autoloader\Autoloader.php(296): CodeIgniter\Autoloader\Autoloader->requireFile('C:\\wamp64n\\www\\...')
#2 C:\wamp64n\www\uframe\system\Autoloader\Autoloader.php(258): CodeIgniter\Autoloader\Autoloader->loadInNamespace('App\\Models\\Blog...')
#3 [internal function]: CodeIgniter\Autoloader\Autoloader->loadClass('App\\Models\\Blog...')
#4 C:\wamp64n\www\uframe\app\Controllers\Pages.php(8): spl_autoload_call('App\\Models\\Blog...')
#5 C:\wamp64n\www\uframe\system\CodeIgniter.php(918): App\Controllers\Pages->index()
#6 C:\wamp64n\www\uframe\system\CodeIgniter.php(404): CodeIgniter\CodeIgniter->runController(Object(App\Controllers\Pages))
#7 C:\wamp64n\www\uframe\system\CodeIgniter.php(312): CodeIgniter\CodeIgniter->handleRequest(NULL, Object(Config\Cache), false)
#8 C:\wamp64n\www\uframe\public\index.php(45): CodeIgniter\CodeIgniter->run()
#9 {main}
CRITICAL - 2021-11-01 09:14:59 --> Class 'CodeIgniter\Models' not found
#0 C:\wamp64n\www\uframe\system\Autoloader\Autoloader.php(365): require_once()
#1 C:\wamp64n\www\uframe\system\Autoloader\Autoloader.php(296): CodeIgniter\Autoloader\Autoloader->requireFile('C:\\wamp64n\\www\\...')
#2 C:\wamp64n\www\uframe\system\Autoloader\Autoloader.php(258): CodeIgniter\Autoloader\Autoloader->loadInNamespace('App\\Models\\Blog...')
#3 [internal function]: CodeIgniter\Autoloader\Autoloader->loadClass('App\\Models\\Blog...')
#4 C:\wamp64n\www\uframe\app\Controllers\Pages.php(8): spl_autoload_call('App\\Models\\Blog...')
#5 C:\wamp64n\www\uframe\system\CodeIgniter.php(918): App\Controllers\Pages->index()
#6 C:\wamp64n\www\uframe\system\CodeIgniter.php(404): CodeIgniter\CodeIgniter->runController(Object(App\Controllers\Pages))
#7 C:\wamp64n\www\uframe\system\CodeIgniter.php(312): CodeIgniter\CodeIgniter->handleRequest(NULL, Object(Config\Cache), false)
#8 C:\wamp64n\www\uframe\public\index.php(45): CodeIgniter\CodeIgniter->run()
#9 {main}
CRITICAL - 2021-11-01 09:14:59 --> Class 'CodeIgniter\Models' not found
#0 C:\wamp64n\www\uframe\system\Autoloader\Autoloader.php(365): require_once()
#1 C:\wamp64n\www\uframe\system\Autoloader\Autoloader.php(296): CodeIgniter\Autoloader\Autoloader->requireFile('C:\\wamp64n\\www\\...')
#2 C:\wamp64n\www\uframe\system\Autoloader\Autoloader.php(258): CodeIgniter\Autoloader\Autoloader->loadInNamespace('App\\Models\\Blog...')
#3 [internal function]: CodeIgniter\Autoloader\Autoloader->loadClass('App\\Models\\Blog...')
#4 C:\wamp64n\www\uframe\app\Controllers\Pages.php(8): spl_autoload_call('App\\Models\\Blog...')
#5 C:\wamp64n\www\uframe\system\CodeIgniter.php(918): App\Controllers\Pages->index()
#6 C:\wamp64n\www\uframe\system\CodeIgniter.php(404): CodeIgniter\CodeIgniter->runController(Object(App\Controllers\Pages))
#7 C:\wamp64n\www\uframe\system\CodeIgniter.php(312): CodeIgniter\CodeIgniter->handleRequest(NULL, Object(Config\Cache), false)
#8 C:\wamp64n\www\uframe\public\index.php(45): CodeIgniter\CodeIgniter->run()
#9 {main}
CRITICAL - 2021-11-01 09:14:59 --> Class 'CodeIgniter\Models' not found
#0 C:\wamp64n\www\uframe\system\Autoloader\Autoloader.php(365): require_once()
#1 C:\wamp64n\www\uframe\system\Autoloader\Autoloader.php(296): CodeIgniter\Autoloader\Autoloader->requireFile('C:\\wamp64n\\www\\...')
#2 C:\wamp64n\www\uframe\system\Autoloader\Autoloader.php(258): CodeIgniter\Autoloader\Autoloader->loadInNamespace('App\\Models\\Blog...')
#3 [internal function]: CodeIgniter\Autoloader\Autoloader->loadClass('App\\Models\\Blog...')
#4 C:\wamp64n\www\uframe\app\Controllers\Pages.php(8): spl_autoload_call('App\\Models\\Blog...')
#5 C:\wamp64n\www\uframe\system\CodeIgniter.php(918): App\Controllers\Pages->index()
#6 C:\wamp64n\www\uframe\system\CodeIgniter.php(404): CodeIgniter\CodeIgniter->runController(Object(App\Controllers\Pages))
#7 C:\wamp64n\www\uframe\system\CodeIgniter.php(312): CodeIgniter\CodeIgniter->handleRequest(NULL, Object(Config\Cache), false)
#8 C:\wamp64n\www\uframe\public\index.php(45): CodeIgniter\CodeIgniter->run()
#9 {main}
CRITICAL - 2021-11-01 09:19:26 --> Table 'uframe.posts' doesn't exist
#0 C:\wamp64n\www\uframe\system\Database\MySQLi\Connection.php(331): mysqli->query('SELECT *\nFROM `...')
#1 C:\wamp64n\www\uframe\system\Database\BaseConnection.php(741): CodeIgniter\Database\MySQLi\Connection->execute('SELECT *\nFROM `...')
#2 C:\wamp64n\www\uframe\system\Database\BaseConnection.php(669): CodeIgniter\Database\BaseConnection->simpleQuery('SELECT *\nFROM `...')
#3 C:\wamp64n\www\uframe\system\Database\BaseBuilder.php(1860): CodeIgniter\Database\BaseConnection->query('SELECT *\nFROM `...', Array, false)
#4 C:\wamp64n\www\uframe\system\Model.php(462): CodeIgniter\Database\BaseBuilder->get()
#5 C:\wamp64n\www\uframe\app\Models\BlogModel.php(10): CodeIgniter\Model->findAll()
#6 C:\wamp64n\www\uframe\app\Controllers\Pages.php(9): App\Models\BlogModel->getPosts()
#7 C:\wamp64n\www\uframe\system\CodeIgniter.php(918): App\Controllers\Pages->index()
#8 C:\wamp64n\www\uframe\system\CodeIgniter.php(404): CodeIgniter\CodeIgniter->runController(Object(App\Controllers\Pages))
#9 C:\wamp64n\www\uframe\system\CodeIgniter.php(312): CodeIgniter\CodeIgniter->handleRequest(NULL, Object(Config\Cache), false)
#10 C:\wamp64n\www\uframe\public\index.php(45): CodeIgniter\CodeIgniter->run()
#11 {main}
CRITICAL - 2021-11-01 09:24:21 --> Table 'uframe.posts' doesn't exist
#0 C:\wamp64n\www\uframe\system\Database\MySQLi\Connection.php(331): mysqli->query('SELECT *\nFROM `...')
#1 C:\wamp64n\www\uframe\system\Database\BaseConnection.php(741): CodeIgniter\Database\MySQLi\Connection->execute('SELECT *\nFROM `...')
#2 C:\wamp64n\www\uframe\system\Database\BaseConnection.php(669): CodeIgniter\Database\BaseConnection->simpleQuery('SELECT *\nFROM `...')
#3 C:\wamp64n\www\uframe\system\Database\BaseBuilder.php(1860): CodeIgniter\Database\BaseConnection->query('SELECT *\nFROM `...', Array, false)
#4 C:\wamp64n\www\uframe\system\Model.php(462): CodeIgniter\Database\BaseBuilder->get()
#5 C:\wamp64n\www\uframe\app\Models\BlogModel.php(10): CodeIgniter\Model->findAll()
#6 C:\wamp64n\www\uframe\app\Controllers\Pages.php(9): App\Models\BlogModel->getPosts()
#7 C:\wamp64n\www\uframe\system\CodeIgniter.php(918): App\Controllers\Pages->index()
#8 C:\wamp64n\www\uframe\system\CodeIgniter.php(404): CodeIgniter\CodeIgniter->runController(Object(App\Controllers\Pages))
#9 C:\wamp64n\www\uframe\system\CodeIgniter.php(312): CodeIgniter\CodeIgniter->handleRequest(NULL, Object(Config\Cache), false)
#10 C:\wamp64n\www\uframe\public\index.php(45): CodeIgniter\CodeIgniter->run()
#11 {main}
CRITICAL - 2021-11-01 09:24:24 --> Table 'uframe.posts' doesn't exist
#0 C:\wamp64n\www\uframe\system\Database\MySQLi\Connection.php(331): mysqli->query('SELECT *\nFROM `...')
#1 C:\wamp64n\www\uframe\system\Database\BaseConnection.php(741): CodeIgniter\Database\MySQLi\Connection->execute('SELECT *\nFROM `...')
#2 C:\wamp64n\www\uframe\system\Database\BaseConnection.php(669): CodeIgniter\Database\BaseConnection->simpleQuery('SELECT *\nFROM `...')
#3 C:\wamp64n\www\uframe\system\Database\BaseBuilder.php(1860): CodeIgniter\Database\BaseConnection->query('SELECT *\nFROM `...', Array, false)
#4 C:\wamp64n\www\uframe\system\Model.php(462): CodeIgniter\Database\BaseBuilder->get()
#5 C:\wamp64n\www\uframe\app\Models\BlogModel.php(10): CodeIgniter\Model->findAll()
#6 C:\wamp64n\www\uframe\app\Controllers\Pages.php(9): App\Models\BlogModel->getPosts()
#7 C:\wamp64n\www\uframe\system\CodeIgniter.php(918): App\Controllers\Pages->index()
#8 C:\wamp64n\www\uframe\system\CodeIgniter.php(404): CodeIgniter\CodeIgniter->runController(Object(App\Controllers\Pages))
#9 C:\wamp64n\www\uframe\system\CodeIgniter.php(312): CodeIgniter\CodeIgniter->handleRequest(NULL, Object(Config\Cache), false)
#10 C:\wamp64n\www\uframe\public\index.php(45): CodeIgniter\CodeIgniter->run()
#11 {main}
CRITICAL - 2021-11-01 10:26:57 --> Class 'App\Controllers\BlogModel' not found
#0 C:\wamp64n\www\uframe\system\CodeIgniter.php(918): App\Controllers\Blog->create()
#1 C:\wamp64n\www\uframe\system\CodeIgniter.php(404): CodeIgniter\CodeIgniter->runController(Object(App\Controllers\Blog))
#2 C:\wamp64n\www\uframe\system\CodeIgniter.php(312): CodeIgniter\CodeIgniter->handleRequest(NULL, Object(Config\Cache), false)
#3 C:\wamp64n\www\uframe\public\index.php(45): CodeIgniter\CodeIgniter->run()
#4 {main}
