CRITICAL - 2021-11-08 04:29:54 --> Call to undefined function set_value()
#0 C:\wamp64n\www\uframe\system\View\View.php(246): include()
#1 C:\wamp64n\www\uframe\system\Common.php(1119): CodeIgniter\View\View->render('admin/register', Array, true)
#2 C:\wamp64n\www\uframe\app\Controllers\Admin.php(14): view('admin/register')
#3 C:\wamp64n\www\uframe\system\CodeIgniter.php(918): App\Controllers\Admin->register()
#4 C:\wamp64n\www\uframe\system\CodeIgniter.php(404): CodeIgniter\CodeIgniter->runController(Object(App\Controllers\Admin))
#5 C:\wamp64n\www\uframe\system\CodeIgniter.php(312): CodeIgniter\CodeIgniter->handleRequest(NULL, Object(Config\Cache), false)
#6 C:\wamp64n\www\uframe\public\index.php(45): CodeIgniter\CodeIgniter->run()
#7 {main}
CRITICAL - 2021-11-08 04:31:47 --> Call to undefined function set_value()
#0 C:\wamp64n\www\uframe\system\View\View.php(246): include()
#1 C:\wamp64n\www\uframe\system\Common.php(1119): CodeIgniter\View\View->render('admin/register', Array, true)
#2 C:\wamp64n\www\uframe\app\Controllers\Admin.php(14): view('admin/register')
#3 C:\wamp64n\www\uframe\system\CodeIgniter.php(918): App\Controllers\Admin->register()
#4 C:\wamp64n\www\uframe\system\CodeIgniter.php(404): CodeIgniter\CodeIgniter->runController(Object(App\Controllers\Admin))
#5 C:\wamp64n\www\uframe\system\CodeIgniter.php(312): CodeIgniter\CodeIgniter->handleRequest(NULL, Object(Config\Cache), false)
#6 C:\wamp64n\www\uframe\public\index.php(45): CodeIgniter\CodeIgniter->run()
#7 {main}
CRITICAL - 2021-11-08 18:37:05 --> AlreadyLoggedIn filter must have a matching alias defined.
#0 C:\wamp64n\www\uframe\system\Filters\Filters.php(324): CodeIgniter\Filters\Exceptions\FilterException::forNoAlias('AlreadyLoggedIn')
#1 C:\wamp64n\www\uframe\system\CodeIgniter.php(373): CodeIgniter\Filters\Filters->enableFilter('AlreadyLoggedIn', 'before')
#2 C:\wamp64n\www\uframe\system\CodeIgniter.php(312): CodeIgniter\CodeIgniter->handleRequest(NULL, Object(Config\Cache), false)
#3 C:\wamp64n\www\uframe\public\index.php(45): CodeIgniter\CodeIgniter->run()
#4 {main}
CRITICAL - 2021-11-08 18:38:19 --> AlreadyLoggedIn filter must have a matching alias defined.
#0 C:\wamp64n\www\uframe\system\Filters\Filters.php(324): CodeIgniter\Filters\Exceptions\FilterException::forNoAlias('AlreadyLoggedIn')
#1 C:\wamp64n\www\uframe\system\CodeIgniter.php(373): CodeIgniter\Filters\Filters->enableFilter('AlreadyLoggedIn', 'before')
#2 C:\wamp64n\www\uframe\system\CodeIgniter.php(312): CodeIgniter\CodeIgniter->handleRequest(NULL, Object(Config\Cache), false)
#3 C:\wamp64n\www\uframe\public\index.php(45): CodeIgniter\CodeIgniter->run()
#4 {main}
CRITICAL - 2021-11-08 18:38:54 --> AlreadyLoggedIn filter must have a matching alias defined.
#0 C:\wamp64n\www\uframe\system\Filters\Filters.php(324): CodeIgniter\Filters\Exceptions\FilterException::forNoAlias('AlreadyLoggedIn')
#1 C:\wamp64n\www\uframe\system\CodeIgniter.php(373): CodeIgniter\Filters\Filters->enableFilter('AlreadyLoggedIn', 'before')
#2 C:\wamp64n\www\uframe\system\CodeIgniter.php(312): CodeIgniter\CodeIgniter->handleRequest(NULL, Object(Config\Cache), false)
#3 C:\wamp64n\www\uframe\public\index.php(45): CodeIgniter\CodeIgniter->run()
#4 {main}
CRITICAL - 2021-11-08 18:39:01 --> AlreadyLoggedIn filter must have a matching alias defined.
#0 C:\wamp64n\www\uframe\system\Filters\Filters.php(324): CodeIgniter\Filters\Exceptions\FilterException::forNoAlias('AlreadyLoggedIn')
#1 C:\wamp64n\www\uframe\system\CodeIgniter.php(373): CodeIgniter\Filters\Filters->enableFilter('AlreadyLoggedIn', 'before')
#2 C:\wamp64n\www\uframe\system\CodeIgniter.php(312): CodeIgniter\CodeIgniter->handleRequest(NULL, Object(Config\Cache), false)
#3 C:\wamp64n\www\uframe\public\index.php(45): CodeIgniter\CodeIgniter->run()
#4 {main}
CRITICAL - 2021-11-08 18:40:45 --> AlreadyLoggedIn filter must have a matching alias defined.
#0 C:\wamp64n\www\uframe\system\Filters\Filters.php(324): CodeIgniter\Filters\Exceptions\FilterException::forNoAlias('AlreadyLoggedIn')
#1 C:\wamp64n\www\uframe\system\CodeIgniter.php(373): CodeIgniter\Filters\Filters->enableFilter('AlreadyLoggedIn', 'before')
#2 C:\wamp64n\www\uframe\system\CodeIgniter.php(312): CodeIgniter\CodeIgniter->handleRequest(NULL, Object(Config\Cache), false)
#3 C:\wamp64n\www\uframe\public\index.php(45): CodeIgniter\CodeIgniter->run()
#4 {main}
